Arguments: 
  /Users/huntegw6/.nvm/versions/node/v11.1.0/bin/node /Users/huntegw6/.yarn/bin/yarn.js install

PATH: 
  /Users/huntegw6/.rvm/gems/ruby-2.4.2/bin:/Users/huntegw6/.rvm/gems/ruby-2.4.2@global/bin:/Users/huntegw6/.rvm/rubies/ruby-2.4.2/bin:/Users/huntegw6/.yarn/bin:/Users/huntegw6/.config/yarn/global/node_modules/.bin:/Users/huntegw6/.nvm/versions/node/v11.1.0/bin:/usr/local/php5/bin:/usr/local/bin:/usr/bin:/bin:/usr/sbin:/sbin:/Library/Frameworks/Mono.framework/Versions/Current/Commands:/Users/huntegw6/.rvm/bin

Yarn version: 
  1.16.0

Node version: 
  11.1.0

Platform: 
  darwin x64

Trace: 
  Error [ERR_TLS_CERT_ALTNAME_INVALID]: Hostname/IP does not match certificate's altnames: Host: registry.yarnpkg.com. is not in the cert's altnames: DNS:www.ombord.info
      at Object.checkServerIdentity (tls.js:241:17)
      at TLSSocket.onConnectSecure (_tls_wrap.js:1122:27)
      at TLSSocket.emit (events.js:182:13)
      at TLSSocket._finishInit (_tls_wrap.js:625:8)

npm manifest: 
  {
    "name": "backend",
    "version": "1.0.0",
    "main": "index.js",
    "license": "MIT",
    "scripts": {
      "dev": "node src/index.js",
      "deploy": "prisma deploy"
    },
    "dependencies": {
      "babel-preset-env": "^1.7.0",
      "dotenv": "6.0.0",
      "graphql": "^0.13.2",
      "graphql-cli": "^2.16.7",
      "graphql-yoga": "1.17.4",
      "jsonwebtoken": "8.3.0",
      "npm-run-all": "^4.1.3",
      "prisma": "1.17.1",
      "prisma-binding": "2.1.6"
    },
    "babel": {
      "presets": [
        "env"
      ]
    }
  }

yarn manifest: 
  No manifest

Lockfile: 
  No lockfile
